<?xml version="1.0" encoding="UTF-8"?>
<!-- Generated by org.testng.reporters.JUnitReportReporter -->
<testsuite skipped="0" hostname="DESKTOP-1JFBICD" name="test.LoginTest" tests="1" failures="0" timestamp="16 Aug 2019 18:40:00 GMT" time="10.050" errors="0">
  <testcase name="loginTest" time="10.050" classname="test.LoginTest"/>
</testsuite> <!-- test.LoginTest -->
